[03:24:17] INFO: Session started, sess_id=314, mode=plan, model=kimi-k2.5:cloud
[03:24:17] Choose persona START...: 
[03:24:17] Choose available number (x to cancel): 
[03:24:19] Set system message ( CTRL+x ENTER to Finish. ): 
[03:24:24] Choose history START...: 
[03:24:24] Choose available number (x to cancel): 
[03:24:25] Canceling...
[03:24:25] Tool training — warming up model on available tools...
[03:24:25] [Context: 169/131072 (0.1%)]
[03:24:25] [iter 1] [Context: 169/131072 (0.1%)]
[03:24:25] INFO: AI request (iteration 1, msgs=2)
[03:24:34] <WriteFile
[Aborted: 'WriteFile' cannot be used in PLAN mode]
[03:24:34] Stream aborted: 'WriteFile' cannot be used in PLAN mode
[03:24:34] INFO: AI response: 0 prompt + 0 response tokens (total: 0 / 0)
[03:24:34] [after +0] [Context: 2094/131072 (1.6%)]
[03:24:34] You: 
[03:28:31] [Context: 2181/131072 (1.7%)]
[03:28:31] [iter 1] [Context: 2181/131072 (1.7%)]
[03:28:31] INFO: AI request (iteration 1, msgs=4)
[03:28:34] INFO: AI response: 869 prompt + 237 response tokens (total: 869 / 237)
[03:28:34] ✓ GetTip: Error: Missing required parameter(s): title
Usage:
<GetTip>
<title>string</title>
</GetTip>
[03:28:34] [after +237] [Context: 2256/131072 (1.7%)]
[03:28:34] [iter 2] [Context: 2256/131072 (1.7%)]
[03:28:34] INFO: AI request (iteration 2, msgs=6)
[03:28:35] INFO: AI response: 932 prompt + 41 response tokens (total: 1801 / 278)
[03:28:35] [after +41] [Context: 4675/131072 (3.6%)]
[03:28:35] [iter 3] [Context: 4675/131072 (3.6%)]
[03:28:35] INFO: AI request (iteration 3, msgs=8)
[03:28:38] INFO: AI response: 3268 prompt + 149 response tokens (total: 5069 / 427)
[03:28:38] [after +149] [Context: 4725/131072 (3.6%)]
[03:28:38] [iter 4] [Context: 4725/131072 (3.6%)]
[03:28:38] INFO: AI request (iteration 4, msgs=10)
[03:28:40] INFO: AI response: 3315 prompt + 62 response tokens (total: 8384 / 489)
[03:28:40] ✓ ReadFile: Error: Missing required parameter(s): fileName
Usage:
<ReadFile>
<fileName>string</fileName>
<max_chars>string</max_chars>
</ReadFile>
[03:28:40] Tool `ReadFile` failed 2 times with missing parameter(s): fileName. Correct format:

Usage:
<ReadFile>
<fileName>string</fileName>
<max_chars>string</max_chars>
</ReadFile>
[03:28:40] ✓ ReadFile: Error: Missing required parameter(s): fileName
Usage:
<ReadFile>
<fileName>string</fileName>
<max_chars>string</max_chars>
</ReadFile>
[03:28:40] [after +62] [Context: 4876/131072 (3.7%)]
[03:28:40] [iter 5] [Context: 4876/131072 (3.7%)]
[03:28:40] INFO: AI request (iteration 5, msgs=14)
[03:28:41] INFO: AI response: 3464 prompt + 124 response tokens (total: 11848 / 613)
[03:28:41] [after +124] [Context: 5505/131072 (4.2%)]
[03:28:41] [iter 6] [Context: 5505/131072 (4.2%)]
[03:28:41] INFO: AI request (iteration 6, msgs=17)
[03:28:46] INFO: AI response: 4143 prompt + 462 response tokens (total: 15991 / 1075)
[03:28:46] [after +462] [Context: 5667/131072 (4.3%)]
[03:28:46] [iter 7] [Context: 5667/131072 (4.3%)]
[03:28:46] INFO: AI request (iteration 7, msgs=19)
[03:28:59] INFO: AI response: 4303 prompt + 1540 response tokens (total: 20294 / 2615)
[03:28:59] [after +1540] [Context: 6025/131072 (4.6%)]
[03:28:59] [iter 8] [Context: 6025/131072 (4.6%)]
[03:28:59] INFO: AI request (iteration 8, msgs=33)
[03:29:04] INFO: AI response: 4687 prompt + 617 response tokens (total: 24981 / 3232)
[03:29:04] [after +617] [Context: 6697/131072 (5.1%)]
[03:29:04] Model tried to use 'WriteFile' in PLAN mode.
[03:29:04]   1. Switch to BUILD mode (allow the tool)
[03:29:04]   2. Stay in PLAN mode (block the tool, continue planning)
[03:29:04]   3. Cancel AI (return to user prompt)
[03:29:04]   4. Continue (dismiss, let the model proceed)
[03:29:04] Choice (1-4): 
[03:29:12] You: 
[03:29:15] You: 
[03:29:24] [Context: 6966/131072 (5.3%)]
[03:29:24] [iter 1] [Context: 6966/131072 (5.3%)]
[03:29:24] INFO: AI request (iteration 1, msgs=37)
[03:30:19] INFO: AI response: 5422 prompt + 7366 response tokens (total: 30403 / 10598)
[03:30:19] ✓ WriteFile: Error: Missing required parameter(s): contentOfFile
Usage:
<WriteFile>
<fileName>string</fileName>
<contentOfFile>string</contentOfFile>
</WriteFile>
[03:30:19] Tool `WriteFile` failed 2 times with missing parameter(s): contentOfFile. Correct format:

Usage:
<WriteFile>
<fileName>string</fileName>
<contentOfFile>string</contentOfFile>
</WriteFile>
[03:30:19] ✓ WriteFile: Error: Missing required parameter(s): contentOfFile
Usage:
<WriteFile>
<fileName>string</fileName>
<contentOfFile>string</contentOfFile>
</WriteFile>
[03:30:19] Tool `WriteFile` failed 3 times with missing parameter(s): contentOfFile. Correct format:

Usage:
<WriteFile>
<fileName>string</fileName>
<contentOfFile>string</contentOfFile>
</WriteFile>
[03:30:19] ✓ WriteFile: Error: Missing required parameter(s): contentOfFile
Usage:
<WriteFile>
<fileName>string</fileName>
<contentOfFile>string</contentOfFile>
</WriteFile>
[03:30:19] Tool `WriteFile` failed 4 times with missing parameter(s): contentOfFile. Correct format:

Usage:
<WriteFile>
<fileName>string</fileName>
<contentOfFile>string</contentOfFile>
</WriteFile>
[03:30:19] ✓ WriteFile: Error: Missing required parameter(s): contentOfFile
Usage:
<WriteFile>
<fileName>string</fileName>
<contentOfFile>string</contentOfFile>
</WriteFile>
[03:30:19] Tool `WriteFile` failed 5 times with missing parameter(s): contentOfFile. Correct format:

Usage:
<WriteFile>
<fileName>string</fileName>
<contentOfFile>string</contentOfFile>
</WriteFile>
[03:30:19] ✓ WriteFile: Error: Missing required parameter(s): contentOfFile
Usage:
<WriteFile>
<fileName>string</fileName>
<contentOfFile>string</contentOfFile>
</WriteFile>
[03:30:19] Tool `WriteFile` failed 6 times with missing parameter(s): contentOfFile. Correct format:

Usage:
<WriteFile>
<fileName>string</fileName>
<contentOfFile>string</contentOfFile>
</WriteFile>
[03:30:19] ✓ WriteFile: Error: Missing required parameter(s): contentOfFile
Usage:
<WriteFile>
<fileName>string</fileName>
<contentOfFile>string</contentOfFile>
</WriteFile>
[03:30:19] Tool `WriteFile` failed 7 times with missing parameter(s): contentOfFile. Correct format:

Usage:
<WriteFile>
<fileName>string</fileName>
<contentOfFile>string</contentOfFile>
</WriteFile>
[03:30:19] ✓ WriteFile: Error: Missing required parameter(s): contentOfFile
Usage:
<WriteFile>
<fileName>string</fileName>
<contentOfFile>string</contentOfFile>
</WriteFile>
[03:30:19] Tool `WriteFile` failed 8 times with missing parameter(s): contentOfFile. Correct format:

Usage:
<WriteFile>
<fileName>string</fileName>
<contentOfFile>string</contentOfFile>
</WriteFile>
[03:30:19] ✓ WriteFile: Error: Missing required parameter(s): contentOfFile
Usage:
<WriteFile>
<fileName>string</fileName>
<contentOfFile>string</contentOfFile>
</WriteFile>
[03:30:19] Tool `WriteFile` failed 9 times with missing parameter(s): contentOfFile. Correct format:

Usage:
<WriteFile>
<fileName>string</fileName>
<contentOfFile>string</contentOfFile>
</WriteFile>
[03:30:19] ✓ WriteFile: Error: Missing required parameter(s): contentOfFile
Usage:
<WriteFile>
<fileName>string</fileName>
<contentOfFile>string</contentOfFile>
</WriteFile>
[03:30:19] Tool `WriteFile` failed 10 times with missing parameter(s): contentOfFile. Correct format:

Usage:
<WriteFile>
<fileName>string</fileName>
<contentOfFile>string</contentOfFile>
</WriteFile>
[03:30:19] ✓ WriteFile: Error: Missing required parameter(s): contentOfFile
Usage:
<WriteFile>
<fileName>string</fileName>
<contentOfFile>string</contentOfFile>
</WriteFile>
[03:30:19] Tool `WriteFile` failed 11 times with missing parameter(s): contentOfFile. Correct format:

Usage:
<WriteFile>
<fileName>string</fileName>
<contentOfFile>string</contentOfFile>
</WriteFile>
[03:30:19] ✓ WriteFile: Error: Missing required parameter(s): contentOfFile
Usage:
<WriteFile>
<fileName>string</fileName>
<contentOfFile>string</contentOfFile>
</WriteFile>
[03:30:19] Tool `WriteFile` failed 12 times with missing parameter(s): contentOfFile. Correct format:

Usage:
<WriteFile>
<fileName>string</fileName>
<contentOfFile>string</contentOfFile>
</WriteFile>
[03:30:19] ✓ WriteFile: Error: Missing required parameter(s): contentOfFile
Usage:
<WriteFile>
<fileName>string</fileName>
<contentOfFile>string</contentOfFile>
</WriteFile>
[03:30:19] [after +7366] [Context: 8141/131072 (6.2%)]
[03:30:19] WARN: 12 consecutive tool errors, last tool: WriteFile
[03:30:19] AI loop: 12 consecutive tool errors — breaking loop
[03:30:19] [iter 3] [Context: 8200/131072 (6.3%)]
[03:30:19] INFO: AI request (iteration 3, msgs=62)
[03:30:28] INFO: AI response: 6619 prompt + 416 response tokens (total: 37022 / 11014)
[03:30:28] [after +416] [Context: 8253/131072 (6.3%)]
[03:30:28] [iter 4] [Context: 8253/131072 (6.3%)]
[03:30:28] INFO: AI request (iteration 4, msgs=64)
[03:36:58] INFO: Session started, sess_id=315, mode=build, model=kimi-k2.5:cloud
[03:36:58] You: 
[03:37:02] You: 
[03:37:15] [Context: 8277/262144 (3.2%)]
[03:37:15] [iter 1] [Context: 8277/262144 (3.2%)]
[03:37:15] INFO: AI request (iteration 1, msgs=65)
[03:37:28] INFO: AI response: 6681 prompt + 2927 response tokens (total: 43703 / 13941)
[03:37:28] [after +2927] [Context: 8483/262144 (3.2%)]
[03:37:28] [iter 2] [Context: 8483/262144 (3.2%)]
[03:37:28] INFO: AI request (iteration 2, msgs=75)
[03:37:31] INFO: AI response: 6874 prompt + 153 response tokens (total: 50577 / 14094)
[03:37:31] [after +153] [Context: 8635/262144 (3.3%)]
[03:37:31] [iter 3] [Context: 8635/262144 (3.3%)]
[03:37:31] INFO: AI request (iteration 3, msgs=77)
[03:37:34] INFO: AI response: 7024 prompt + 520 response tokens (total: 57601 / 14614)
[03:37:34] [after +520] [Context: 9187/262144 (3.5%)]
[03:37:34] Auto-continue: task 1/13 — Create the basic project structure:
- Create main.py with tk...
[03:37:34] [iter 4] [Context: 9318/262144 (3.6%)]
[03:37:34] INFO: AI request (iteration 4, msgs=79)
[03:37:36] INFO: AI response: 7642 prompt + 252 response tokens (total: 65243 / 14866)
[03:37:36] [after +252] [Context: 9584/262144 (3.7%)]
[03:37:36] Auto-continue: AI round 1/50 — task 1/13: Create the basic project structure:
- Create main.py with tk...
[03:37:36] [Context: 9715/262144 (3.7%)]
[03:37:36] [iter 1] [Context: 9715/262144 (3.7%)]
[03:37:36] INFO: AI request (iteration 1, msgs=81)
[03:37:39] INFO: AI response: 7944 prompt + 319 response tokens (total: 73187 / 15185)
[03:37:39] [after +319] [Context: 10048/262144 (3.8%)]
[03:37:39] Auto-continue: AI round 2/50 — task 1/13: Create the basic project structure:
- Create main.py with tk...
[03:37:39] [Context: 10179/262144 (3.9%)]
[03:37:39] [iter 1] [Context: 10179/262144 (3.9%)]
[03:37:39] INFO: AI request (iteration 1, msgs=83)
[03:37:41] INFO: AI response: 8294 prompt + 293 response tokens (total: 81481 / 15478)
[03:37:41] [after +293] [Context: 10463/262144 (4.0%)]
[03:37:41] Auto-continue: AI round 3/50 — task 1/13: Create the basic project structure:
- Create main.py with tk...
[03:37:41] [Context: 10594/262144 (4.0%)]
[03:37:41] [iter 1] [Context: 10594/262144 (4.0%)]
[03:37:41] INFO: AI request (iteration 1, msgs=85)
[03:37:43] INFO: AI response: 8618 prompt + 208 response tokens (total: 90099 / 15686)
[03:37:43] [after +208] [Context: 10799/262144 (4.1%)]
[03:37:43] Auto-continue: AI round 4/50 — task 1/13: Create the basic project structure:
- Create main.py with tk...
[03:37:43] [Context: 10930/262144 (4.2%)]
[03:37:43] [iter 1] [Context: 10930/262144 (4.2%)]
[03:37:43] INFO: AI request (iteration 1, msgs=87)
[03:37:45] INFO: AI response: 8910 prompt + 222 response tokens (total: 99009 / 15908)
[03:37:45] [after +222] [Context: 11155/262144 (4.3%)]
[03:37:45] Auto-continue: AI round 5/50 — task 1/13: Create the basic project structure:
- Create main.py with tk...
[03:37:45] [Context: 11286/262144 (4.3%)]
[03:37:45] [iter 1] [Context: 11286/262144 (4.3%)]
[03:37:45] INFO: AI request (iteration 1, msgs=89)
[03:37:47] INFO: AI response: 9197 prompt + 195 response tokens (total: 108206 / 16103)
[03:37:47] [after +195] [Context: 11480/262144 (4.4%)]
[03:37:47] Auto-continue: AI round 6/50 — task 1/13: Create the basic project structure:
- Create main.py with tk...
[03:37:47] [Context: 11611/262144 (4.4%)]
[03:37:47] [iter 1] [Context: 11611/262144 (4.4%)]
[03:37:47] INFO: AI request (iteration 1, msgs=91)
[03:37:49]  for **Task 2**?⚠ Model repeated itself — auto-cancelled
[03:37:49] [after +195] [Context: 11611/262144 (4.4%)]
[03:37:49] Auto-continue: AI round 7/50 — task 1/13: Create the basic project structure:
- Create main.py with tk...
[03:37:49] [Context: 11742/262144 (4.5%)]
[03:37:49] [iter 1] [Context: 11742/262144 (4.5%)]
[03:37:49] INFO: AI request (iteration 1, msgs=92)
[03:37:51] INFO: AI response: 9586 prompt + 199 response tokens (total: 117792 / 16302)
[03:37:51] [after +199] [Context: 11936/262144 (4.6%)]
[03:37:51] Auto-continue: AI round 8/50 — task 1/13: Create the basic project structure:
- Create main.py with tk...
[03:37:51] [Context: 12067/262144 (4.6%)]
[03:37:51] [iter 1] [Context: 12067/262144 (4.6%)]
[03:37:51] INFO: AI request (iteration 1, msgs=94)
[03:37:53]  **Task 2**?⚠ Model repeated itself — auto-cancelled
[03:37:53] [after +199] [Context: 12067/262144 (4.6%)]
[03:37:53] Auto-continue: AI round 9/50 — task 1/13: Create the basic project structure:
- Create main.py with tk...
[03:37:53] [Context: 12198/262144 (4.7%)]
[03:37:53] [iter 1] [Context: 12198/262144 (4.7%)]
[03:37:53] INFO: AI request (iteration 1, msgs=95)
[03:37:55] INFO: AI response: 9979 prompt + 204 response tokens (total: 127771 / 16506)
[03:37:55] [after +204] [Context: 12405/262144 (4.7%)]
[03:37:55] Auto-continue: AI round 10/50 — task 1/13: Create the basic project structure:
- Create main.py with tk...
[03:37:55] [Context: 12536/262144 (4.8%)]
[03:37:55] [iter 1] [Context: 12536/262144 (4.8%)]
[03:37:55] INFO: AI request (iteration 1, msgs=97)
[03:37:57] INFO: AI response: 10263 prompt + 213 response tokens (total: 138034 / 16719)
[03:37:57] [after +213] [Context: 12755/262144 (4.9%)]
[03:37:57] Auto-continue: AI round 11/50 — task 1/13: Create the basic project structure:
- Create main.py with tk...
[03:37:57] [Context: 12886/262144 (4.9%)]
[03:37:57] [iter 1] [Context: 12886/262144 (4.9%)]
[03:37:57] INFO: AI request (iteration 1, msgs=99)
[03:38:00] INFO: AI response: 10562 prompt + 266 response tokens (total: 148596 / 16985)
[03:38:00] [after +266] [Context: 13175/262144 (5.0%)]
[03:38:00] Auto-continue: AI round 12/50 — task 1/13: Create the basic project structure:
- Create main.py with tk...
[03:38:00] [Context: 13306/262144 (5.1%)]
[03:38:00] [iter 1] [Context: 13306/262144 (5.1%)]
[03:38:00] INFO: AI request (iteration 1, msgs=101)
[03:38:04] INFO: AI response: 10909 prompt + 352 response tokens (total: 159505 / 17337)
[03:38:04] [after +352] [Context: 13677/262144 (5.2%)]
[03:38:04] Auto-continue: AI round 13/50 — task 1/13: Create the basic project structure:
- Create main.py with tk...
[03:38:04] [Context: 13808/262144 (5.3%)]
[03:38:04] [iter 1] [Context: 13808/262144 (5.3%)]
[03:38:04] INFO: AI request (iteration 1, msgs=103)
[03:38:07] INFO: AI response: 11345 prompt + 325 response tokens (total: 170850 / 17662)
[03:38:07] [after +325] [Context: 14142/262144 (5.4%)]
[03:38:07] Auto-continue: AI round 14/50 — task 1/13: Create the basic project structure:
- Create main.py with tk...
[03:38:07] [Context: 14273/262144 (5.4%)]
[03:38:07] [iter 1] [Context: 14273/262144 (5.4%)]
[03:38:07] INFO: AI request (iteration 1, msgs=105)
[03:38:11] INFO: AI response: 11753 prompt + 335 response tokens (total: 182603 / 17997)
[03:38:11] [after +335] [Context: 14621/262144 (5.6%)]
[03:38:11] Auto-continue: AI round 15/50 — task 1/13: Create the basic project structure:
- Create main.py with tk...
[03:38:11] [Context: 14752/262144 (5.6%)]
[03:38:11] [iter 1] [Context: 14752/262144 (5.6%)]
[03:38:11] INFO: AI request (iteration 1, msgs=107)
[03:38:16] INFO: AI response: 12162 prompt + 281 response tokens (total: 194765 / 18278)
[03:38:16] [after +281] [Context: 15048/262144 (5.7%)]
[03:38:16] Auto-continue: AI round 16/50 — task 1/13: Create the basic project structure:
- Create main.py with tk...
[03:38:16] [Context: 15179/262144 (5.8%)]
[03:38:16] [iter 1] [Context: 15179/262144 (5.8%)]
[03:38:16] INFO: AI request (iteration 1, msgs=109)
[03:38:19] INFO: AI response: 12526 prompt + 260 response tokens (total: 207291 / 18538)
[03:38:19] [after +260] [Context: 15446/262144 (5.9%)]
[03:38:19] Auto-continue: AI round 17/50 — task 1/13: Create the basic project structure:
- Create main.py with tk...
[03:38:19] [Context: 15577/262144 (5.9%)]
[03:38:19] [iter 1] [Context: 15577/262144 (5.9%)]
[03:38:19] INFO: AI request (iteration 1, msgs=111)
[03:38:24] INFO: AI response: 12860 prompt + 468 response tokens (total: 220151 / 19006)
[03:38:24] [after +468] [Context: 16071/262144 (6.1%)]
[03:38:24] Auto-continue: AI round 18/50 — task 1/13: Create the basic project structure:
- Create main.py with tk...
[03:38:24] [Context: 16202/262144 (6.2%)]
[03:38:24] [iter 1] [Context: 16202/262144 (6.2%)]
[03:38:24] INFO: AI request (iteration 1, msgs=113)
[03:38:28] INFO: Session started, sess_id=316, mode=build, model=kimi-k2.5:cloud
[03:38:28] You: 
[03:38:33] You: 
[03:39:53] You: 
[03:39:59] You: 
[03:40:03] [Context: 16358/262144 (6.2%)]
[03:40:03] [iter 1] [Context: 16358/262144 (6.2%)]
[03:40:03] INFO: AI request (iteration 1, msgs=116)
[03:40:06] INFO: AI response: 13457 prompt + 242 response tokens (total: 233608 / 19248)
[03:40:06] [after +242] [Context: 16624/262144 (6.3%)]
[03:40:06] Auto-continue: AI round 1/50 — task 2/13: Create parsers/xresources_parser.py that:
- Parses .Xresourc...
[03:40:06] [Context: 16758/262144 (6.4%)]
[03:40:06] [iter 1] [Context: 16758/262144 (6.4%)]
[03:40:06] INFO: AI request (iteration 1, msgs=118)
[03:40:10] INFO: AI response: 13789 prompt + 242 response tokens (total: 247397 / 19490)
[03:40:10] [after +242] [Context: 17028/262144 (6.5%)]
[03:40:10] Auto-continue: AI round 2/50 — task 2/13: Create parsers/xresources_parser.py that:
- Parses .Xresourc...
[03:40:10] [Context: 17162/262144 (6.5%)]
[03:40:10] [iter 1] [Context: 17162/262144 (6.5%)]
[03:40:10] INFO: AI request (iteration 1, msgs=120)
[03:40:13]  for **Task 3** (OpenBox menu.xml parser)?⚠ Model repeated itself — auto-cancelled
[03:40:13] [after +242] [Context: 17162/262144 (6.5%)]
[03:40:13] Auto-continue: AI round 3/50 — task 2/13: Create parsers/xresources_parser.py that:
- Parses .Xresourc...
[03:40:13] [Context: 17296/262144 (6.6%)]
[03:40:13] [iter 1] [Context: 17296/262144 (6.6%)]
[03:40:13] INFO: AI request (iteration 1, msgs=121)
[03:40:16] INFO: AI response: 14247 prompt + 265 response tokens (total: 261644 / 19755)
[03:40:16] [after +265] [Context: 17593/262144 (6.7%)]
[03:40:16] Auto-continue: AI round 4/50 — task 2/13: Create parsers/xresources_parser.py that:
- Parses .Xresourc...
[03:40:16] [Context: 17727/262144 (6.8%)]
[03:40:16] [iter 1] [Context: 17727/262144 (6.8%)]
[03:40:16] INFO: AI request (iteration 1, msgs=123)
[03:40:20] INFO: AI response: 14605 prompt + 263 response tokens (total: 276249 / 20018)
[03:40:20] [after +263] [Context: 18020/262144 (6.9%)]
[03:40:20] Auto-continue: AI round 5/50 — task 2/13: Create parsers/xresources_parser.py that:
- Parses .Xresourc...
[03:40:20] [Context: 18154/262144 (6.9%)]
[03:40:20] [iter 1] [Context: 18154/262144 (6.9%)]
[03:40:20] INFO: AI request (iteration 1, msgs=125)
[03:40:23] INFO: Session started, sess_id=317, mode=build, model=kimi-k2.5:cloud
[03:40:23] You: 
[03:40:35] INFO: Session started, sess_id=318, mode=plan, model=kimi-k2.5:cloud
[03:40:35] Choose persona START...: 
[03:40:35] Choose available number (x to cancel): 
[03:40:36] Set system message ( CTRL+x ENTER to Finish. ): 
[03:40:38] Choose history START...: 
[03:40:38] Choose available number (x to cancel): 
[03:40:39] Canceling...
[03:40:39] Tool training — warming up model on available tools...
[03:40:39] [Context: 169/131072 (0.1%)]
[03:40:39] [iter 1] [Context: 169/131072 (0.1%)]
[03:40:39] INFO: AI request (iteration 1, msgs=2)
[03:40:54] 
[Aborted: 'WriteFile' cannot be used in PLAN mode]
[03:40:54] Stream aborted: 'WriteFile' cannot be used in PLAN mode
[03:40:54] INFO: AI response: 0 prompt + 0 response tokens (total: 0 / 0)
[03:40:54] [after +0] [Context: 2675/131072 (2.0%)]
[03:40:54] You: 
[03:41:11] [Context: 2698/131072 (2.1%)]
[03:41:11] [iter 1] [Context: 2698/131072 (2.1%)]
[03:41:11] INFO: AI request (iteration 1, msgs=4)
[03:41:13] INFO: AI response: 907 prompt + 208 response tokens (total: 907 / 208)
[03:41:13] ✓ ReadFile: Error: Missing required parameter(s): fileName
Usage:
<ReadFile>
<fileName>string</fileName>
<max_chars>string</max_chars>
</ReadFile>
[03:41:13] [after +208] [Context: 2921/131072 (2.2%)]
[03:41:13] [iter 2] [Context: 2921/131072 (2.2%)]
[03:41:13] INFO: AI request (iteration 2, msgs=8)
[03:41:15] INFO: AI response: 1155 prompt + 158 response tokens (total: 2062 / 366)
[03:41:15] ✓ ReadFile: Error: File `README.md` not found (checked workin/ and CWD)
[03:41:15] [after +158] [Context: 3151/131072 (2.4%)]
[03:41:15] [iter 3] [Context: 3151/131072 (2.4%)]
[03:41:15] INFO: AI request (iteration 3, msgs=12)
[03:41:17] INFO: AI response: 1446 prompt + 185 response tokens (total: 3508 / 551)
[03:41:17] [after +185] [Context: 16445/131072 (12.5%)]
[03:41:17] [iter 4] [Context: 16445/131072 (12.5%)]
[03:41:17] INFO: AI request (iteration 4, msgs=17)
[03:41:19] <WriteFile
[Aborted: 'WriteFile' cannot be used in PLAN mode]
[03:41:19] Stream aborted: 'WriteFile' cannot be used in PLAN mode
[03:41:19] INFO: AI response: 0 prompt + 0 response tokens (total: 3508 / 551)
[03:41:19] [after +0] [Context: 16661/131072 (12.7%)]
[03:41:19] Model tried to use 'WriteFile' in PLAN mode.
[03:41:19]   1. Switch to BUILD mode (allow the tool)
[03:41:19]   2. Stay in PLAN mode (block the tool, continue planning)
[03:41:19]   3. Cancel AI (return to user prompt)
[03:41:19]   4. Continue (dismiss, let the model proceed)
[03:41:19] Choice (1-4): 
[03:41:30] [Context: 16661/131072 (12.7%)]
[03:41:30] [iter 1] [Context: 16661/131072 (12.7%)]
[03:41:30] INFO: AI request (iteration 1, msgs=18)
[03:41:55] INFO: AI response: 16464 prompt + 4792 response tokens (total: 19972 / 5343)
[03:41:55] [after +4792] [Context: 21947/131072 (16.7%)]
[03:41:55] [iter 2] [Context: 21947/131072 (16.7%)]
[03:41:55] INFO: AI request (iteration 2, msgs=23)
[03:41:57] INFO: AI response: 21177 prompt + 151 response tokens (total: 41149 / 5494)
[03:41:57] [after +151] [Context: 22595/131072 (17.2%)]
[03:41:57] [iter 3] [Context: 22595/131072 (17.2%)]
[03:41:57] INFO: AI request (iteration 3, msgs=27)
[03:41:59] INFO: AI response: 21857 prompt + 82 response tokens (total: 63006 / 5576)
[03:41:59] [after +82] [Context: 22671/131072 (17.3%)]
[03:41:59] [iter 4] [Context: 22671/131072 (17.3%)]
[03:41:59] INFO: AI request (iteration 4, msgs=29)
[03:42:29] INFO: AI response: 21935 prompt + 4948 response tokens (total: 84941 / 10524)
[03:42:29] [after +4948] [Context: 28142/131072 (21.5%)]
[03:42:29] [iter 5] [Context: 28142/131072 (21.5%)]
[03:42:29] INFO: AI request (iteration 5, msgs=31)
[03:43:07] INFO: AI response: 26853 prompt + 6473 response tokens (total: 111794 / 16997)
[03:43:07] ✓ ReplaceLine: Error: toLine 10 exceeds file length (9 lines).
[03:43:07] [after +6473] [Context: 35347/131072 (27.0%)]
[03:43:07] [iter 6] [Context: 35347/131072 (27.0%)]
[03:43:07] INFO: AI request (iteration 6, msgs=37)
[03:43:10] INFO: AI response: 33385 prompt + 68 response tokens (total: 145179 / 17065)
[03:43:10] [after +68] [Context: 35452/131072 (27.0%)]
[03:43:10] [iter 7] [Context: 35452/131072 (27.0%)]
[03:43:10] INFO: AI request (iteration 7, msgs=39)
[03:43:12] INFO: AI response: 33488 prompt + 162 response tokens (total: 178667 / 17227)
[03:43:12] [after +162] [Context: 35610/131072 (27.2%)]
[03:43:12] [iter 8] [Context: 35610/131072 (27.2%)]
[03:43:12] INFO: AI request (iteration 8, msgs=41)
[03:43:14] INFO: AI response: 33653 prompt + 89 response tokens (total: 212320 / 17316)
[03:43:14] [after +89] [Context: 36136/131072 (27.6%)]
[03:43:14] [iter 9] [Context: 36136/131072 (27.6%)]
[03:43:14] INFO: AI request (iteration 9, msgs=44)
[03:43:16] INFO: AI response: 34253 prompt + 88 response tokens (total: 246573 / 17404)
[03:43:16] [after +88] [Context: 36454/131072 (27.8%)]
[03:43:16] [iter 10] [Context: 36454/131072 (27.8%)]
[03:43:16] INFO: AI request (iteration 10, msgs=47)
[03:43:42] INFO: AI response: 34605 prompt + 3405 response tokens (total: 281178 / 20809)
[03:43:42] [after +3405] [Context: 40421/131072 (30.8%)]
[03:43:42] You: 
[03:43:53] You: 
[03:44:19] [Context: 40440/131072 (30.9%)]
[03:44:19] [iter 1] [Context: 40440/131072 (30.9%)]
[03:44:19] INFO: AI request (iteration 1, msgs=50)
[03:44:22] INFO: AI response: 37901 prompt + 206 response tokens (total: 319079 / 21015)
[03:44:22] [after +206] [Context: 40775/131072 (31.1%)]
[03:44:22] [iter 2] [Context: 40775/131072 (31.1%)]
[03:44:22] INFO: AI request (iteration 2, msgs=53)
[03:44:24] INFO: AI response: 38267 prompt + 81 response tokens (total: 357346 / 21096)
[03:44:24] [after +81] [Context: 40854/131072 (31.2%)]
[03:44:24] You: 
[03:44:35] [Context: 40864/131072 (31.2%)]
[03:44:35] [iter 1] [Context: 40864/131072 (31.2%)]
[03:44:35] INFO: AI request (iteration 1, msgs=55)
[03:44:45] INFO: AI response: 38279 prompt + 1291 response tokens (total: 395625 / 22387)
[03:44:45] [after +1291] [Context: 42383/131072 (32.3%)]
[03:44:45] [iter 2] [Context: 42383/131072 (32.3%)]
[03:44:45] INFO: AI request (iteration 2, msgs=60)
[03:44:49] INFO: AI response: 39761 prompt + 400 response tokens (total: 435386 / 22787)
[03:44:49] [after +400] [Context: 42839/131072 (32.7%)]
[03:44:49] You: 
[04:06:43] INFO: Session started, sess_id=319, mode=build, model=kimi-k2.5:cloud
[04:06:43] You: 
[04:07:04] [Context: 61103/262144 (23.3%)]
[04:07:04] [iter 1] [Context: 61103/262144 (23.3%)]
[04:07:04] INFO: AI request (iteration 1, msgs=187)
[04:07:13] INFO: AI response: 54827 prompt + 115 response tokens (total: 766462 / 42920)
[04:07:13] [after +115] [Context: 61246/262144 (23.4%)]
[04:07:13] [iter 2] [Context: 61246/262144 (23.4%)]
[04:07:13] INFO: AI request (iteration 2, msgs=190)
[04:07:53] INFO: AI response: 54985 prompt + 4842 response tokens (total: 821447 / 47762)
[04:07:53] [after +4842] [Context: 66663/262144 (25.4%)]
[04:07:53] [iter 3] [Context: 66663/262144 (25.4%)]
[04:07:53] INFO: AI request (iteration 3, msgs=195)
[04:07:55] INFO: AI response: 59848 prompt + 86 response tokens (total: 881295 / 47848)
[04:07:55] [after +86] [Context: 66929/262144 (25.5%)]
[04:07:55] [iter 4] [Context: 66929/262144 (25.5%)]
[04:07:55] INFO: AI request (iteration 4, msgs=198)
[04:07:58] INFO: AI response: 60167 prompt + 73 response tokens (total: 941462 / 47921)
[04:07:58] [after +73] [Context: 67186/262144 (25.6%)]
[04:07:58] [iter 5] [Context: 67186/262144 (25.6%)]
[04:07:58] INFO: AI request (iteration 5, msgs=200)
[04:08:01] INFO: AI response: 60435 prompt + 167 response tokens (total: 1001897 / 48088)
[04:08:01] [after +167] [Context: 67444/262144 (25.7%)]
[04:08:01] [iter 6] [Context: 67444/262144 (25.7%)]
[04:08:01] INFO: AI request (iteration 6, msgs=202)
[04:08:03] INFO: AI response: 60693 prompt + 63 response tokens (total: 1062590 / 48151)
[04:08:03] [after +63] [Context: 68013/262144 (25.9%)]
[04:08:03] [iter 7] [Context: 68013/262144 (25.9%)]
[04:08:03] INFO: AI request (iteration 7, msgs=204)
[04:08:05] INFO: AI response: 61244 prompt + 126 response tokens (total: 1123834 / 48277)
[04:08:05] [after +126] [Context: 68243/262144 (26.0%)]
[04:08:05] [iter 8] [Context: 68243/262144 (26.0%)]
[04:08:05] INFO: AI request (iteration 8, msgs=206)
[04:08:08] INFO: AI response: 61476 prompt + 108 response tokens (total: 1185310 / 48385)
[04:08:08] [after +108] [Context: 68414/262144 (26.1%)]
[04:08:08] [iter 9] [Context: 68414/262144 (26.1%)]
[04:08:08] INFO: AI request (iteration 9, msgs=208)
[04:08:10] INFO: AI response: 61663 prompt + 69 response tokens (total: 1246973 / 48454)
[04:08:10] [after +69] [Context: 68624/262144 (26.2%)]
[04:08:10] [iter 10] [Context: 68624/262144 (26.2%)]
[04:08:10] INFO: AI request (iteration 10, msgs=210)
[04:08:23] INFO: AI response: 61875 prompt + 2263 response tokens (total: 1308848 / 50717)
[04:08:23] [after +2263] [Context: 71067/262144 (27.1%)]
[04:08:23] Auto-continue: AI round 1/50 — task 2/13: Create parsers/xresources_parser.py that:
- Parses .Xresourc...
[04:08:23] [Context: 71201/262144 (27.2%)]
[04:08:23] [iter 1] [Context: 71201/262144 (27.2%)]
[04:08:23] INFO: AI request (iteration 1, msgs=213)
[04:08:26] INFO: AI response: 64253 prompt + 173 response tokens (total: 1373101 / 50890)
[04:08:26] [after +173] [Context: 71488/262144 (27.3%)]
[04:08:26] [iter 2] [Context: 71488/262144 (27.3%)]
[04:08:26] INFO: AI request (iteration 2, msgs=216)
[04:08:29] INFO: AI response: 64559 prompt + 127 response tokens (total: 1437660 / 51017)
[04:08:29] [after +127] [Context: 71714/262144 (27.4%)]
[04:08:29] [iter 3] [Context: 71714/262144 (27.4%)]
[04:08:29] INFO: AI request (iteration 3, msgs=218)
[04:08:32] INFO: AI response: 64779 prompt + 143 response tokens (total: 1502439 / 51160)
[04:08:32] [after +143] [Context: 71934/262144 (27.4%)]
[04:08:32] [iter 4] [Context: 71934/262144 (27.4%)]
[04:08:32] INFO: AI request (iteration 4, msgs=220)
[04:08:34] INFO: AI response: 64999 prompt + 112 response tokens (total: 1567438 / 51272)
[04:08:34] [after +112] [Context: 72099/262144 (27.5%)]
[04:08:34] [iter 5] [Context: 72099/262144 (27.5%)]
[04:08:34] INFO: AI request (iteration 5, msgs=222)
[04:08:38] INFO: AI response: 65179 prompt + 259 response tokens (total: 1632617 / 51531)
[04:08:38] [after +259] [Context: 72352/262144 (27.6%)]
[04:08:38] [iter 6] [Context: 72352/262144 (27.6%)]
[04:08:38] INFO: AI request (iteration 6, msgs=224)
[04:08:41] INFO: AI response: 65474 prompt + 309 response tokens (total: 1698091 / 51840)
[04:08:41] [after +309] [Context: 72661/262144 (27.7%)]
[04:08:41] Auto-continue: task 2/13 — Create parsers/xresources_parser.py that:
- Parses .Xresourc...
[04:08:41] [iter 7] [Context: 72796/262144 (27.8%)]
[04:08:41] INFO: AI request (iteration 7, msgs=226)
[04:08:44] INFO: AI response: 65786 prompt + 100 response tokens (total: 1763877 / 51940)
[04:08:44] [after +100] [Context: 73188/262144 (27.9%)]
[04:08:44] [iter 8] [Context: 73188/262144 (27.9%)]
[04:08:44] INFO: AI request (iteration 8, msgs=229)
[04:08:46] INFO: AI response: 66199 prompt + 100 response tokens (total: 1830076 / 52040)
[04:08:46] [after +100] [Context: 74105/262144 (28.3%)]
[04:08:46] [iter 9] [Context: 74105/262144 (28.3%)]
[04:08:46] INFO: AI request (iteration 9, msgs=232)
[04:08:48] INFO: AI response: 67166 prompt + 80 response tokens (total: 1897242 / 52120)
[04:08:48] [after +80] [Context: 77148/262144 (29.4%)]
[04:08:48] [iter 10] [Context: 77148/262144 (29.4%)]
[04:08:48] INFO: AI request (iteration 10, msgs=234)
[04:08:51] INFO: AI response: 69575 prompt + 70 response tokens (total: 1966817 / 52190)
[04:08:51] [after +70] [Context: 79218/262144 (30.2%)]
[04:08:51] Auto-continue: AI round 2/50 — task 2/13: Create parsers/xresources_parser.py that:
- Parses .Xresourc...
[04:08:51] [Context: 79413/262144 (30.3%)]
[04:08:51] [iter 1] [Context: 79413/262144 (30.3%)]
[04:08:51] INFO: AI request (iteration 1, msgs=238)
[04:08:53] INFO: AI response: 71879 prompt + 128 response tokens (total: 2038696 / 52318)
[04:08:53] [after +128] [Context: 79500/262144 (30.3%)]
[04:08:53] [iter 2] [Context: 79500/262144 (30.3%)]
[04:08:53] INFO: AI request (iteration 2, msgs=240)
[04:08:56] INFO: AI response: 71973 prompt + 50 response tokens (total: 2110669 / 52368)
[04:08:56] [after +50] [Context: 79760/262144 (30.4%)]
[04:08:56] [iter 3] [Context: 79760/262144 (30.4%)]
[04:08:56] INFO: AI request (iteration 3, msgs=243)
[04:08:58] INFO: AI response: 72188 prompt + 101 response tokens (total: 2182857 / 52469)
[04:08:58] [after +101] [Context: 80036/262144 (30.5%)]
[04:08:58] [iter 4] [Context: 80036/262144 (30.5%)]
[04:08:58] INFO: AI request (iteration 4, msgs=246)
[04:09:00] INFO: AI response: 72474 prompt + 69 response tokens (total: 2255331 / 52538)
[04:09:00] [after +69] [Context: 80251/262144 (30.6%)]
[04:09:00] [iter 5] [Context: 80251/262144 (30.6%)]
[04:09:00] INFO: AI request (iteration 5, msgs=248)
[04:09:03] INFO: AI response: 72702 prompt + 34 response tokens (total: 2328033 / 52572)
[04:09:03] [after +34] [Context: 80505/262144 (30.7%)]
[04:09:03] [iter 6] [Context: 80505/262144 (30.7%)]
[04:09:03] INFO: AI request (iteration 6, msgs=251)
[04:09:06] INFO: AI response: 72919 prompt + 99 response tokens (total: 2400952 / 52671)
[04:09:06] [after +99] [Context: 80586/262144 (30.7%)]
[04:09:06] [iter 7] [Context: 80586/262144 (30.7%)]
[04:09:06] INFO: AI request (iteration 7, msgs=253)
[04:09:09] INFO: AI response: 73008 prompt + 106 response tokens (total: 2473960 / 52777)
[04:09:09] [after +106] [Context: 80936/262144 (30.9%)]
[04:09:09] [iter 8] [Context: 80936/262144 (30.9%)]
[04:09:09] INFO: AI request (iteration 8, msgs=255)
[04:09:31] INFO: AI response: 73373 prompt + 3680 response tokens (total: 2547333 / 56457)
[04:09:31] [after +3680] [Context: 84897/262144 (32.4%)]
[04:09:31] [iter 9] [Context: 84897/262144 (32.4%)]
[04:09:31] INFO: AI request (iteration 9, msgs=259)
[04:09:35] INFO: AI response: 77115 prompt + 228 response tokens (total: 2624448 / 56685)
[04:09:35] [after +228] [Context: 85154/262144 (32.5%)]
[04:09:35] [iter 10] [Context: 85154/262144 (32.5%)]
[04:09:35] INFO: AI request (iteration 10, msgs=262)
[04:09:37] INFO: AI response: 77389 prompt + 24 response tokens (total: 2701837 / 56709)
[04:09:37] [after +24] [Context: 85416/262144 (32.6%)]
[04:09:37] Auto-continue: AI round 3/50 — task 5/13: Create parsers/__init__.py with:
- ParserRegistry class that...
[04:09:37] [Context: 85541/262144 (32.6%)]
[04:09:37] [iter 1] [Context: 85541/262144 (32.6%)]
[04:09:37] INFO: AI request (iteration 1, msgs=266)
[04:09:51] INFO: AI response: 77719 prompt + 2125 response tokens (total: 2779556 / 58834)
[04:09:51] [after +2125] [Context: 88008/262144 (33.6%)]
[04:09:51] [iter 2] [Context: 88008/262144 (33.6%)]
[04:09:51] INFO: AI request (iteration 2, msgs=269)
[04:09:53] INFO: AI response: 79812 prompt + 41 response tokens (total: 2859368 / 58875)
[04:09:53] [after +41] [Context: 88240/262144 (33.7%)]
[04:09:53] [iter 3] [Context: 88240/262144 (33.7%)]
[04:09:53] INFO: AI request (iteration 3, msgs=272)
[04:09:56] INFO: AI response: 80007 prompt + 85 response tokens (total: 2939375 / 58960)
[04:09:56] [after +85] [Context: 88585/262144 (33.8%)]
[04:09:56] [iter 4] [Context: 88585/262144 (33.8%)]
[04:09:56] INFO: AI request (iteration 4, msgs=274)
[04:10:18] INFO: AI response: 80343 prompt + 2797 response tokens (total: 3019718 / 61757)
[04:10:18] [after +2797] [Context: 91792/262144 (35.0%)]
[04:10:18] [iter 5] [Context: 91792/262144 (35.0%)]
[04:10:18] INFO: AI request (iteration 5, msgs=277)
[04:10:21] INFO: AI response: 83119 prompt + 99 response tokens (total: 3102837 / 61856)
[04:10:21] [after +99] [Context: 91990/262144 (35.1%)]
[04:10:21] [iter 6] [Context: 91990/262144 (35.1%)]
[04:10:21] INFO: AI request (iteration 6, msgs=279)
[04:10:24] INFO: AI response: 83353 prompt + 81 response tokens (total: 3186190 / 61937)
[04:10:24] [after +81] [Context: 92201/262144 (35.2%)]
[04:10:24] [iter 7] [Context: 92201/262144 (35.2%)]
[04:10:24] INFO: AI request (iteration 7, msgs=281)
[04:10:27] INFO: AI response: 83562 prompt + 112 response tokens (total: 3269752 / 62049)
[04:10:27] [after +112] [Context: 92459/262144 (35.3%)]
[04:10:27] [iter 8] [Context: 92459/262144 (35.3%)]
[04:10:27] INFO: AI request (iteration 8, msgs=284)
[04:10:38] INFO: AI response: 83787 prompt + 1271 response tokens (total: 3353539 / 63320)
[04:10:38] [after +1271] [Context: 93737/262144 (35.8%)]
[04:10:38] [iter 9] [Context: 93737/262144 (35.8%)]
[04:10:38] INFO: AI request (iteration 9, msgs=286)
[04:10:56] INFO: AI response: 85058 prompt + 2495 response tokens (total: 3438597 / 65815)
[04:10:56] [after +2495] [Context: 96572/262144 (36.8%)]
[04:10:56] [iter 10] [Context: 96572/262144 (36.8%)]
[04:10:56] INFO: AI request (iteration 10, msgs=288)
[04:10:59] INFO: AI response: 87563 prompt + 29 response tokens (total: 3526160 / 65844)
[04:10:59] [after +29] [Context: 96824/262144 (36.9%)]
[04:10:59] Auto-continue: AI round 4/50 — task 8/13: Create gui/openbox_editor.py:
- Extends EditorWidget base cl...
[04:10:59] [Context: 96944/262144 (37.0%)]
[04:10:59] [iter 1] [Context: 96944/262144 (37.0%)]
[04:10:59] INFO: AI request (iteration 1, msgs=292)
[04:11:18] INFO: AI response: 87909 prompt + 3080 response tokens (total: 3614069 / 68924)
[04:11:18] [after +3080] [Context: 100264/262144 (38.2%)]
[04:11:18] [iter 2] [Context: 100264/262144 (38.2%)]
[04:11:18] INFO: AI request (iteration 2, msgs=294)
[04:11:21] INFO: AI response: 90968 prompt + 59 response tokens (total: 3705037 / 68983)
[04:11:21] [after +59] [Context: 100308/262144 (38.3%)]
[04:11:21] [iter 3] [Context: 100308/262144 (38.3%)]
[04:11:21] INFO: AI request (iteration 3, msgs=296)
[04:11:24] INFO: AI response: 91021 prompt + 103 response tokens (total: 3796058 / 69086)
[04:11:24] [after +103] [Context: 100513/262144 (38.3%)]
[04:11:24] [iter 4] [Context: 100513/262144 (38.3%)]
[04:11:24] INFO: AI request (iteration 4, msgs=299)
[04:11:27] INFO: AI response: 91254 prompt + 23 response tokens (total: 3887312 / 69109)
[04:11:27] [after +23] [Context: 100686/262144 (38.4%)]
[04:11:27] [iter 5] [Context: 100686/262144 (38.4%)]
[04:11:27] INFO: AI request (iteration 5, msgs=302)
[04:11:51] INFO: AI response: 91418 prompt + 3001 response tokens (total: 3978730 / 72110)
[04:11:51] [after +3001] [Context: 103984/262144 (39.7%)]
[04:11:51] [iter 6] [Context: 103984/262144 (39.7%)]
[04:11:51] INFO: AI request (iteration 6, msgs=304)
[04:11:53] INFO: AI response: 94413 prompt + 23 response tokens (total: 4073143 / 72133)
[04:11:53] [after +23] [Context: 104214/262144 (39.8%)]
[04:11:53] [iter 7] [Context: 104214/262144 (39.8%)]
[04:11:53] INFO: AI request (iteration 7, msgs=307)
[04:11:55] INFO: AI response: 94618 prompt + 71 response tokens (total: 4167761 / 72204)
[04:11:55] [after +71] [Context: 104550/262144 (39.9%)]
[04:11:55] [iter 8] [Context: 104550/262144 (39.9%)]
[04:11:55] INFO: AI request (iteration 8, msgs=309)
[04:12:24] INFO: AI response: 94936 prompt + 3946 response tokens (total: 4262697 / 76150)
[04:12:24] [after +3946] [Context: 108794/262144 (41.5%)]
[04:12:24] [iter 9] [Context: 108794/262144 (41.5%)]
[04:12:24] INFO: AI request (iteration 9, msgs=311)
[04:12:27] INFO: AI response: 98809 prompt + 27 response tokens (total: 4361506 / 76177)
[04:12:27] [after +27] [Context: 109090/262144 (41.6%)]
[04:12:27] [iter 10] [Context: 109090/262144 (41.6%)]
[04:12:27] INFO: AI request (iteration 10, msgs=314)
[04:13:00] INFO: AI response: 99109 prompt + 5231 response tokens (total: 4460615 / 81408)
[04:13:00] [after +5231] [Context: 114924/262144 (43.8%)]
[04:13:00] Auto-continue: AI round 5/50 — task 11/13: Update main.py to integrate all components:
- Menu bar: File...
[04:13:00] [Context: 115066/262144 (43.9%)]
[04:13:00] [iter 1] [Context: 115066/262144 (43.9%)]
[04:13:00] INFO: AI request (iteration 1, msgs=317)
[04:13:03] INFO: AI response: 104392 prompt + 109 response tokens (total: 4565007 / 81517)
[04:13:03] [after +109] [Context: 115644/262144 (44.1%)]
[04:13:03] [iter 2] [Context: 115644/262144 (44.1%)]
[04:13:03] INFO: AI request (iteration 2, msgs=319)
[04:13:06] INFO: AI response: 104943 prompt + 196 response tokens (total: 4669950 / 81713)
[04:13:06] [after +196] [Context: 115758/262144 (44.2%)]
[04:13:06] [iter 3] [Context: 115758/262144 (44.2%)]
[04:13:06] INFO: AI request (iteration 3, msgs=321)
[04:13:09] INFO: AI response: 105056 prompt + 38 response tokens (total: 4775006 / 81751)
[04:13:09] [after +38] [Context: 115952/262144 (44.2%)]
[04:13:09] [iter 4] [Context: 115952/262144 (44.2%)]
[04:13:09] INFO: AI request (iteration 4, msgs=324)
[04:13:12] INFO: AI response: 105215 prompt + 78 response tokens (total: 4880221 / 81829)
[04:13:12] [after +78] [Context: 116292/262144 (44.4%)]
[04:13:12] [iter 5] [Context: 116292/262144 (44.4%)]
[04:13:12] INFO: AI request (iteration 5, msgs=326)
[04:13:44] INFO: AI response: 105524 prompt + 5122 response tokens (total: 4985745 / 86951)
[04:13:44] [after +5122] [Context: 122775/262144 (46.8%)]
[04:13:44] [iter 6] [Context: 122775/262144 (46.8%)]
[04:13:44] INFO: AI request (iteration 6, msgs=329)
[04:13:47] INFO: AI response: 110666 prompt + 242 response tokens (total: 5096411 / 87193)
[04:13:47] [after +242] [Context: 123047/262144 (46.9%)]
[04:13:47] [iter 7] [Context: 123047/262144 (46.9%)]
[04:13:47] INFO: AI request (iteration 7, msgs=331)
[04:13:50] INFO: AI response: 110917 prompt + 20 response tokens (total: 5207328 / 87213)
[04:13:50] [after +20] [Context: 123242/262144 (47.0%)]
[04:13:50] [iter 8] [Context: 123242/262144 (47.0%)]
[04:13:50] INFO: AI request (iteration 8, msgs=334)
[04:14:35] INFO: AI response: 111099 prompt + 5170 response tokens (total: 5318427 / 92383)
[04:14:35] [after +5170] [Context: 128668/262144 (49.1%)]
[04:14:35] [iter 9] [Context: 128668/262144 (49.1%)]
[04:14:35] INFO: AI request (iteration 9, msgs=348)
[04:14:38] INFO: AI response: 116517 prompt + 59 response tokens (total: 5434944 / 92442)
[04:14:38] [after +59] [Context: 128942/262144 (49.2%)]
[04:14:38] [iter 10] [Context: 128942/262144 (49.2%)]
[04:14:38] INFO: AI request (iteration 10, msgs=350)
[04:14:41] INFO: AI response: 116840 prompt + 144 response tokens (total: 5551784 / 92586)
[04:14:41] [after +144] [Context: 128975/262144 (49.2%)]
[04:14:41] You: 
[14:53:30] INFO: Session started, sess_id=320, mode=build, model=kimi-k2.5:cloud
[14:53:30] You: 
[14:53:33] You: 
[14:53:38] You: 
[14:53:47] You: 
[14:54:16] [Context: 129441/262144 (49.4%)]
[14:54:16] [iter 1] [Context: 129441/262144 (49.4%)]
[14:54:16] INFO: AI request (iteration 1, msgs=353)
[14:54:25] INFO: AI response: 117461 prompt + 133 response tokens (total: 5669245 / 92719)
[14:54:25] [after +133] [Context: 129578/262144 (49.4%)]
[14:54:25] [iter 2] [Context: 129578/262144 (49.4%)]
[14:54:25] INFO: AI request (iteration 2, msgs=355)
[14:54:35] INFO: AI response: 117605 prompt + 192 response tokens (total: 5786850 / 92911)
[14:54:35] [after +192] [Context: 129747/262144 (49.5%)]
[14:54:35] [iter 3] [Context: 129747/262144 (49.5%)]
[14:54:35] INFO: AI request (iteration 3, msgs=357)
[14:54:42] INFO: AI response: 117776 prompt + 60 response tokens (total: 5904626 / 92971)
[14:54:42] [after +60] [Context: 129962/262144 (49.6%)]
[14:54:42] [iter 4] [Context: 129962/262144 (49.6%)]
[14:54:42] INFO: AI request (iteration 4, msgs=359)
[14:54:45] INFO: AI response: 117988 prompt + 76 response tokens (total: 6022614 / 93047)
[14:54:45] [after +76] [Context: 130041/262144 (49.6%)]
[14:54:45] You: 
[14:54:54] [Context: 130051/262144 (49.6%)]
[14:54:54] [iter 1] [Context: 130051/262144 (49.6%)]
[14:54:54] INFO: AI request (iteration 1, msgs=361)
[14:54:58] INFO: AI response: 118001 prompt + 107 response tokens (total: 6140615 / 93154)
[14:54:58] [after +107] [Context: 130388/262144 (49.7%)]
[14:54:58] [iter 2] [Context: 130388/262144 (49.7%)]
[14:54:58] INFO: AI request (iteration 2, msgs=363)
[14:55:05] INFO: AI response: 118337 prompt + 298 response tokens (total: 6258952 / 93452)
[14:55:05] [after +298] [Context: 130630/262144 (49.8%)]
[14:55:05] [iter 3] [Context: 130630/262144 (49.8%)]
[14:55:05] INFO: AI request (iteration 3, msgs=365)
[14:55:14] INFO: AI response: 118606 prompt + 745 response tokens (total: 6377558 / 94197)
[14:55:14] [after +745] [Context: 131380/262144 (50.1%)]
[14:55:14] [iter 4] [Context: 131380/262144 (50.1%)]
[14:55:14] INFO: AI request (iteration 4, msgs=367)
[14:55:24] INFO: AI response: 119356 prompt + 224 response tokens (total: 6496914 / 94421)
[14:55:24] [after +224] [Context: 131603/262144 (50.2%)]
[14:55:24] You: 
[14:55:36] [Context: 131616/262144 (50.2%)]
[14:55:36] [iter 1] [Context: 131616/262144 (50.2%)]
[14:55:36] INFO: AI request (iteration 1, msgs=369)
[14:55:48] INFO: AI response: 119571 prompt + 79 response tokens (total: 6616485 / 94500)
[14:55:48] [after +79] [Context: 132200/262144 (50.4%)]
[14:55:48] [iter 2] [Context: 132200/262144 (50.4%)]
[14:55:48] INFO: AI request (iteration 2, msgs=371)
[14:56:03] INFO: AI response: 120153 prompt + 962 response tokens (total: 6736638 / 95462)
[14:56:03] [after +962] [Context: 133189/262144 (50.8%)]
[14:56:03] You: 
[15:08:12] [Context: 133363/262144 (50.9%)]
[15:08:12] [iter 1] [Context: 133363/262144 (50.9%)]
[15:08:12] INFO: AI request (iteration 1, msgs=373)
[15:08:22] INFO: AI response: 120369 prompt + 220 response tokens (total: 6857007 / 95682)
[15:08:22] Error: TreeView param 'path' = '../KosDWM' is not in the approved paths. Use !PROJECT ADD DIR <dir> or !PROJECT ADD FILE <file> to approve it.
[15:08:22] [after +220] [Context: 133452/262144 (50.9%)]
[15:08:22] [iter 2] [Context: 133452/262144 (50.9%)]
[15:08:22] INFO: AI request (iteration 2, msgs=375)
[15:08:27] INFO: AI response: 120469 prompt + 188 response tokens (total: 6977476 / 95870)
[15:08:27] [after +188] [Context: 133641/262144 (51.0%)]
[15:08:27] You: 
[15:08:29] INFO: Session started, sess_id=321, mode=build, model=kimi-k2.5:cloud
[15:08:29] You: 
[15:08:33] You: 
[15:08:37] You: 
[15:08:45] [Context: 133821/262144 (51.0%)]
[15:08:45] [iter 1] [Context: 133821/262144 (51.0%)]
[15:08:45] INFO: AI request (iteration 1, msgs=378)
[15:08:51] <Write
[Aborted: 'WriteFile' cannot be used in PLAN mode]
[15:08:51] Stream aborted: 'WriteFile' cannot be used in PLAN mode
[15:08:51] INFO: AI response: 0 prompt + 0 response tokens (total: 6977476 / 95870)
[15:08:51] [after +0] [Context: 134261/262144 (51.2%)]
[15:08:51] Model tried to use 'WriteFile' in PLAN mode.
[15:08:51]   1. Switch to BUILD mode (allow the tool)
[15:08:51]   2. Stay in PLAN mode (block the tool, continue planning)
[15:08:51]   3. Cancel AI (return to user prompt)
[15:08:51]   4. Continue (dismiss, let the model proceed)
[15:08:51] Choice (1-4): 
[15:09:02] You: 
[15:09:05] You: 
[15:10:53] [Context: 134966/262144 (51.5%)]
[15:10:53] [iter 1] [Context: 134966/262144 (51.5%)]
[15:10:53] INFO: AI request (iteration 1, msgs=381)
[15:10:59] INFO: AI response: 121257 prompt + 326 response tokens (total: 7098733 / 96196)
[15:10:59] [after +326] [Context: 135290/262144 (51.6%)]
[15:10:59] You: 
[15:11:06] You: 
[15:11:23] You: 
[15:11:29] You: 
[15:12:09] [Context: 135333/262144 (51.6%)]
[15:12:09] [iter 1] [Context: 135333/262144 (51.6%)]
[15:12:09] INFO: AI request (iteration 1, msgs=383)
[15:12:18] INFO: AI response: 121496 prompt + 142 response tokens (total: 7220229 / 96338)
[15:12:18] [after +142] [Context: 135879/262144 (51.8%)]
[15:12:18] [iter 2] [Context: 135879/262144 (51.8%)]
[15:12:18] INFO: AI request (iteration 2, msgs=386)
[15:12:21] INFO: AI response: 122219 prompt + 122 response tokens (total: 7342448 / 96460)
[15:12:21] ✓ ReadFile: Error: File `../KosDWM/README.md` not found (checked workin/ and CWD)
[15:12:21] [after +122] [Context: 136679/262144 (52.1%)]
[15:12:21] [iter 3] [Context: 136679/262144 (52.1%)]
[15:12:21] INFO: AI request (iteration 3, msgs=390)
[15:12:25] INFO: AI response: 123030 prompt + 95 response tokens (total: 7465478 / 96555)
[15:12:25] [after +95] [Context: 137318/262144 (52.4%)]
[15:12:25] [iter 4] [Context: 137318/262144 (52.4%)]
[15:12:25] INFO: AI request (iteration 4, msgs=393)
[15:12:28] INFO: AI response: 123736 prompt + 63 response tokens (total: 7589214 / 96618)
[15:12:28] [after +63] [Context: 137403/262144 (52.4%)]
[15:12:28] [iter 5] [Context: 137403/262144 (52.4%)]
[15:12:28] INFO: AI request (iteration 5, msgs=395)
[15:12:34] INFO: AI response: 123832 prompt + 339 response tokens (total: 7713046 / 96957)
[15:12:34] [after +339] [Context: 137603/262144 (52.5%)]
[15:12:34] [iter 6] [Context: 137603/262144 (52.5%)]
[15:12:34] INFO: AI request (iteration 6, msgs=397)
[15:12:42] INFO: AI response: 124028 prompt + 132 response tokens (total: 7837074 / 97089)
[15:12:42] [after +132] [Context: 137781/262144 (52.6%)]
[15:12:42] [iter 7] [Context: 137781/262144 (52.6%)]
[15:12:42] INFO: AI request (iteration 7, msgs=399)
[15:12:46] INFO: AI response: 124194 prompt + 151 response tokens (total: 7961268 / 97240)
[15:12:46] [after +151] [Context: 137965/262144 (52.6%)]
[15:12:46] [iter 8] [Context: 137965/262144 (52.6%)]
[15:12:46] INFO: AI request (iteration 8, msgs=401)
[15:12:51] INFO: AI response: 124365 prompt + 134 response tokens (total: 8085633 / 97374)
[15:12:51] [after +134] [Context: 138139/262144 (52.7%)]
[15:12:51] [iter 9] [Context: 138139/262144 (52.7%)]
[15:12:51] INFO: AI request (iteration 9, msgs=403)
[15:12:55] INFO: AI response: 124531 prompt + 142 response tokens (total: 8210164 / 97516)
[15:12:55] [after +142] [Context: 138296/262144 (52.8%)]
[15:12:55] [iter 10] [Context: 138296/262144 (52.8%)]
[15:12:55] INFO: AI request (iteration 10, msgs=405)
[15:13:01] INFO: AI response: 124679 prompt + 120 response tokens (total: 8334843 / 97636)
[15:13:01] [after +120] [Context: 138447/262144 (52.8%)]
[15:13:01] You: 
[15:13:59] You: 
[15:14:16] [Context: 138682/262144 (52.9%)]
[15:14:16] [iter 1] [Context: 138682/262144 (52.9%)]
[15:14:16] INFO: AI request (iteration 1, msgs=409)
[15:14:35] INFO: AI response: 124940 prompt + 1718 response tokens (total: 8459783 / 99354)
[15:14:35] [after +1718] [Context: 140645/262144 (53.7%)]
[15:14:35] [iter 2] [Context: 140645/262144 (53.7%)]
[15:14:35] INFO: AI request (iteration 2, msgs=411)
[15:14:55] INFO: AI response: 126670 prompt + 1965 response tokens (total: 8586453 / 101319)
[15:14:55] [after +1965] [Context: 142553/262144 (54.4%)]
[15:14:55] [iter 3] [Context: 142553/262144 (54.4%)]
[15:14:55] INFO: AI request (iteration 3, msgs=413)
[15:15:01] INFO: AI response: 128649 prompt + 28 response tokens (total: 8715102 / 101347)
[15:15:01] [after +28] [Context: 142817/262144 (54.5%)]
[15:15:01] [iter 4] [Context: 142817/262144 (54.5%)]
[15:15:01] INFO: AI request (iteration 4, msgs=416)
[15:15:46] INFO: AI response: 128874 prompt + 3301 response tokens (total: 8843976 / 104648)
[15:15:46] [after +3301] [Context: 146575/262144 (55.9%)]
[15:15:46] [iter 5] [Context: 146575/262144 (55.9%)]
[15:15:46] INFO: AI request (iteration 5, msgs=418)
[15:16:11] INFO: AI response: 132171 prompt + 2154 response tokens (total: 8976147 / 106802)
[15:16:11] [after +2154] [Context: 148997/262144 (56.8%)]
[15:16:11] [iter 6] [Context: 148997/262144 (56.8%)]
[15:16:11] INFO: AI request (iteration 6, msgs=420)
[15:16:20] INFO: AI response: 134330 prompt + 39 response tokens (total: 9110477 / 106841)
[15:16:20] [after +39] [Context: 149235/262144 (56.9%)]
[15:16:20] [iter 7] [Context: 149235/262144 (56.9%)]
[15:16:20] INFO: AI request (iteration 7, msgs=423)
[15:16:48] INFO: AI response: 134545 prompt + 2881 response tokens (total: 9245022 / 109722)
[15:16:48] [after +2881] [Context: 152355/262144 (58.1%)]
[15:16:48] [iter 8] [Context: 152355/262144 (58.1%)]
[15:16:48] INFO: AI request (iteration 8, msgs=425)
[15:17:14] INFO: AI response: 137426 prompt + 2741 response tokens (total: 9382448 / 112463)
[15:17:14] [after +2741] [Context: 155520/262144 (59.3%)]
[15:17:14] [iter 9] [Context: 155520/262144 (59.3%)]
[15:17:14] INFO: AI request (iteration 9, msgs=427)
[15:17:36] INFO: AI response: 140181 prompt + 2241 response tokens (total: 9522629 / 114704)
[15:17:36] [after +2241] [Context: 158156/262144 (60.3%)]
[15:17:36] [iter 10] [Context: 158156/262144 (60.3%)]
[15:17:36] INFO: AI request (iteration 10, msgs=429)
[15:17:43] INFO: AI response: 142424 prompt + 244 response tokens (total: 9665053 / 114948)
[15:17:43] [after +244] [Context: 158381/262144 (60.4%)]
[15:17:43] Auto-continue: AI round 1/50 — task 3/5: Create editor widget for KosDWM config.json:
- Extend Editor...
[15:17:43] [Context: 158493/262144 (60.5%)]
[15:17:43] [iter 1] [Context: 158493/262144 (60.5%)]
[15:17:43] INFO: AI request (iteration 1, msgs=432)
[15:17:49] INFO: AI response: 142760 prompt + 33 response tokens (total: 9807813 / 114981)
[15:17:49] [after +33] [Context: 158701/262144 (60.5%)]
[15:17:49] [iter 2] [Context: 158701/262144 (60.5%)]
[15:17:49] INFO: AI request (iteration 2, msgs=435)
[15:17:53] INFO: AI response: 142941 prompt + 92 response tokens (total: 9950754 / 115073)
[15:17:53] [after +92] [Context: 158818/262144 (60.6%)]
[15:17:53] [iter 3] [Context: 158818/262144 (60.6%)]
[15:17:53] INFO: AI request (iteration 3, msgs=437)
[15:17:57] INFO: AI response: 143074 prompt + 203 response tokens (total: 10093828 / 115276)
[15:17:57] [after +203] [Context: 159227/262144 (60.7%)]
[15:17:57] [iter 4] [Context: 159227/262144 (60.7%)]
[15:17:57] INFO: AI request (iteration 4, msgs=439)
[15:18:05] INFO: AI response: 143469 prompt + 172 response tokens (total: 10237297 / 115448)
[15:18:05] [after +172] [Context: 159472/262144 (60.8%)]
[15:18:05] [iter 5] [Context: 159472/262144 (60.8%)]
[15:18:05] INFO: AI request (iteration 5, msgs=441)
[15:18:11] INFO: AI response: 143716 prompt + 81 response tokens (total: 10381013 / 115529)
[15:18:11] [after +81] [Context: 159804/262144 (61.0%)]
[15:18:11] [iter 6] [Context: 159804/262144 (61.0%)]
[15:18:11] INFO: AI request (iteration 6, msgs=443)
[15:18:16] INFO: AI response: 144046 prompt + 240 response tokens (total: 10525059 / 115769)
[15:18:16] [after +240] [Context: 160502/262144 (61.2%)]
[15:18:16] [iter 7] [Context: 160502/262144 (61.2%)]
[15:18:16] INFO: AI request (iteration 7, msgs=445)
[15:18:21] INFO: AI response: 144669 prompt + 74 response tokens (total: 10669728 / 115843)
[15:18:21] [after +74] [Context: 161325/262144 (61.5%)]
[15:18:21] [iter 8] [Context: 161325/262144 (61.5%)]
[15:18:21] INFO: AI request (iteration 8, msgs=447)
[15:19:11] INFO: AI response: 145454 prompt + 3842 response tokens (total: 10815182 / 119685)
[15:19:11] [after +3842] [Context: 165473/262144 (63.1%)]
[15:19:11] [iter 9] [Context: 165473/262144 (63.1%)]
[15:19:11] INFO: AI request (iteration 9, msgs=449)
[15:19:14] INFO: AI response: 149294 prompt + 19 response tokens (total: 10964476 / 119704)
[15:19:14] [after +19] [Context: 165665/262144 (63.2%)]
[15:19:14] [iter 10] [Context: 165665/262144 (63.2%)]
[15:19:14] INFO: AI request (iteration 10, msgs=452)
[15:19:17] INFO: AI response: 149474 prompt + 79 response tokens (total: 11113950 / 119783)
[15:19:17] [after +79] [Context: 165885/262144 (63.3%)]
[15:19:17] Auto-continue: AI round 2/50 — task 5/5: Update the parser registry to include KosDWM:
- Register Kos...
[15:19:17] [Context: 165975/262144 (63.3%)]
[15:19:17] [iter 1] [Context: 165975/262144 (63.3%)]
[15:19:17] INFO: AI request (iteration 1, msgs=455)
[15:19:20] INFO: AI response: 149775 prompt + 82 response tokens (total: 11263725 / 119865)
[15:19:20] [after +82] [Context: 166817/262144 (63.6%)]
[15:19:20] [iter 2] [Context: 166817/262144 (63.6%)]
[15:19:20] INFO: AI request (iteration 2, msgs=457)
[15:19:23] INFO: AI response: 150500 prompt + 59 response tokens (total: 11414225 / 119924)
[15:19:23] [after +59] [Context: 166875/262144 (63.7%)]
[15:19:23] Auto-continue: AI round 3/50 — task 5/5: Update the parser registry to include KosDWM:
- Register Kos...
[15:19:23] [Context: 166965/262144 (63.7%)]
[15:19:23] [iter 1] [Context: 166965/262144 (63.7%)]
[15:19:23] INFO: AI request (iteration 1, msgs=459)
[15:19:27] INFO: AI response: 150589 prompt + 61 response tokens (total: 11564814 / 119985)
[15:19:27] [after +61] [Context: 169542/262144 (64.7%)]
[15:19:27] [iter 2] [Context: 169542/262144 (64.7%)]
[15:19:27] INFO: AI request (iteration 2, msgs=461)
[15:19:31] INFO: AI response: 152762 prompt + 80 response tokens (total: 11717576 / 120065)
[15:19:31] [after +80] [Context: 169650/262144 (64.7%)]
[15:19:31] [iter 3] [Context: 169650/262144 (64.7%)]
[15:19:31] INFO: AI request (iteration 3, msgs=463)
[15:19:36] INFO: AI response: 152873 prompt + 257 response tokens (total: 11870449 / 120322)
[15:19:36] [after +257] [Context: 169758/262144 (64.8%)]
[15:19:36] [iter 4] [Context: 169758/262144 (64.8%)]
[15:19:36] INFO: AI request (iteration 4, msgs=465)
[15:19:44] INFO: AI response: 152979 prompt + 417 response tokens (total: 12023428 / 120739)
[15:19:44] [after +417] [Context: 170160/262144 (64.9%)]
[15:19:44] You: 
[06:23:48] You: 
